{"C:\\Users\\XxItz\\Downloads\\CS203_proj\\SMU-CS203\\Backend\\Tournament_Public\\controllers\\publicUserController.js": {"path":"C:\\Users\\XxItz\\Downloads\\CS203_proj\\SMU-CS203\\Backend\\Tournament_Public\\controllers\\publicUserController.js","statementMap":{"0":{"start":{"line":1,"column":30},"end":{"line":1,"column":67}},"1":{"start":{"line":14,"column":0},"end":{"line":32,"column":2}},"2":{"start":{"line":15,"column":4},"end":{"line":31,"column":5}},"3":{"start":{"line":16,"column":31},"end":{"line":16,"column":78}},"4":{"start":{"line":17,"column":8},"end":{"line":21,"column":9}},"5":{"start":{"line":18,"column":26},"end":{"line":18,"column":63}},"6":{"start":{"line":19,"column":12},"end":{"line":19,"column":35}},"7":{"start":{"line":20,"column":12},"end":{"line":20,"column":31}},"8":{"start":{"line":22,"column":8},"end":{"line":27,"column":11}},"9":{"start":{"line":29,"column":8},"end":{"line":29,"column":60}},"10":{"start":{"line":30,"column":8},"end":{"line":30,"column":18}},"11":{"start":{"line":43,"column":0},"end":{"line":61,"column":2}},"12":{"start":{"line":44,"column":4},"end":{"line":60,"column":5}},"13":{"start":{"line":45,"column":36},"end":{"line":45,"column":88}},"14":{"start":{"line":46,"column":8},"end":{"line":50,"column":9}},"15":{"start":{"line":47,"column":26},"end":{"line":47,"column":62}},"16":{"start":{"line":48,"column":12},"end":{"line":48,"column":35}},"17":{"start":{"line":49,"column":12},"end":{"line":49,"column":31}},"18":{"start":{"line":51,"column":8},"end":{"line":56,"column":11}},"19":{"start":{"line":58,"column":8},"end":{"line":58,"column":69}},"20":{"start":{"line":59,"column":8},"end":{"line":59,"column":18}},"21":{"start":{"line":72,"column":0},"end":{"line":90,"column":2}},"22":{"start":{"line":73,"column":4},"end":{"line":89,"column":5}},"23":{"start":{"line":74,"column":38},"end":{"line":74,"column":92}},"24":{"start":{"line":75,"column":8},"end":{"line":79,"column":9}},"25":{"start":{"line":76,"column":26},"end":{"line":76,"column":65}},"26":{"start":{"line":77,"column":12},"end":{"line":77,"column":35}},"27":{"start":{"line":78,"column":12},"end":{"line":78,"column":31}},"28":{"start":{"line":80,"column":8},"end":{"line":85,"column":11}},"29":{"start":{"line":87,"column":8},"end":{"line":87,"column":72}},"30":{"start":{"line":88,"column":8},"end":{"line":88,"column":18}},"31":{"start":{"line":99,"column":0},"end":{"line":117,"column":2}},"32":{"start":{"line":100,"column":4},"end":{"line":116,"column":5}},"33":{"start":{"line":101,"column":37},"end":{"line":101,"column":90}},"34":{"start":{"line":102,"column":8},"end":{"line":106,"column":9}},"35":{"start":{"line":103,"column":26},"end":{"line":103,"column":63}},"36":{"start":{"line":104,"column":12},"end":{"line":104,"column":35}},"37":{"start":{"line":105,"column":12},"end":{"line":105,"column":31}},"38":{"start":{"line":107,"column":8},"end":{"line":112,"column":11}},"39":{"start":{"line":114,"column":8},"end":{"line":114,"column":70}},"40":{"start":{"line":115,"column":8},"end":{"line":115,"column":18}},"41":{"start":{"line":130,"column":0},"end":{"line":150,"column":2}},"42":{"start":{"line":131,"column":27},"end":{"line":131,"column":37}},"43":{"start":{"line":132,"column":4},"end":{"line":149,"column":5}},"44":{"start":{"line":133,"column":35},"end":{"line":133,"column":94}},"45":{"start":{"line":135,"column":9},"end":{"line":139,"column":9}},"46":{"start":{"line":136,"column":26},"end":{"line":136,"column":74}},"47":{"start":{"line":137,"column":12},"end":{"line":137,"column":35}},"48":{"start":{"line":138,"column":12},"end":{"line":138,"column":31}},"49":{"start":{"line":140,"column":8},"end":{"line":145,"column":11}},"50":{"start":{"line":147,"column":8},"end":{"line":147,"column":70}},"51":{"start":{"line":148,"column":8},"end":{"line":148,"column":18}}},"fnMap":{"0":{"name":"(anonymous_0)","decl":{"start":{"line":14,"column":28},"end":{"line":14,"column":29}},"loc":{"start":{"line":14,"column":54},"end":{"line":32,"column":1}},"line":14},"1":{"name":"(anonymous_1)","decl":{"start":{"line":43,"column":33},"end":{"line":43,"column":34}},"loc":{"start":{"line":43,"column":59},"end":{"line":61,"column":1}},"line":43},"2":{"name":"(anonymous_2)","decl":{"start":{"line":72,"column":35},"end":{"line":72,"column":36}},"loc":{"start":{"line":72,"column":61},"end":{"line":90,"column":1}},"line":72},"3":{"name":"(anonymous_3)","decl":{"start":{"line":99,"column":34},"end":{"line":99,"column":35}},"loc":{"start":{"line":99,"column":60},"end":{"line":117,"column":1}},"line":99},"4":{"name":"(anonymous_4)","decl":{"start":{"line":130,"column":28},"end":{"line":130,"column":29}},"loc":{"start":{"line":130,"column":54},"end":{"line":150,"column":1}},"line":130}},"branchMap":{"0":{"loc":{"start":{"line":17,"column":8},"end":{"line":21,"column":9}},"type":"if","locations":[{"start":{"line":17,"column":8},"end":{"line":21,"column":9}},{"start":{},"end":{}}],"line":17},"1":{"loc":{"start":{"line":17,"column":12},"end":{"line":17,"column":58}},"type":"binary-expr","locations":[{"start":{"line":17,"column":12},"end":{"line":17,"column":27}},{"start":{"line":17,"column":31},"end":{"line":17,"column":58}}],"line":17},"2":{"loc":{"start":{"line":46,"column":8},"end":{"line":50,"column":9}},"type":"if","locations":[{"start":{"line":46,"column":8},"end":{"line":50,"column":9}},{"start":{},"end":{}}],"line":46},"3":{"loc":{"start":{"line":46,"column":12},"end":{"line":46,"column":68}},"type":"binary-expr","locations":[{"start":{"line":46,"column":12},"end":{"line":46,"column":32}},{"start":{"line":46,"column":36},"end":{"line":46,"column":68}}],"line":46},"4":{"loc":{"start":{"line":75,"column":8},"end":{"line":79,"column":9}},"type":"if","locations":[{"start":{"line":75,"column":8},"end":{"line":79,"column":9}},{"start":{},"end":{}}],"line":75},"5":{"loc":{"start":{"line":75,"column":12},"end":{"line":75,"column":72}},"type":"binary-expr","locations":[{"start":{"line":75,"column":12},"end":{"line":75,"column":34}},{"start":{"line":75,"column":38},"end":{"line":75,"column":72}}],"line":75},"6":{"loc":{"start":{"line":102,"column":8},"end":{"line":106,"column":9}},"type":"if","locations":[{"start":{"line":102,"column":8},"end":{"line":106,"column":9}},{"start":{},"end":{}}],"line":102},"7":{"loc":{"start":{"line":102,"column":12},"end":{"line":102,"column":70}},"type":"binary-expr","locations":[{"start":{"line":102,"column":12},"end":{"line":102,"column":33}},{"start":{"line":102,"column":37},"end":{"line":102,"column":70}}],"line":102},"8":{"loc":{"start":{"line":135,"column":9},"end":{"line":139,"column":9}},"type":"if","locations":[{"start":{"line":135,"column":9},"end":{"line":139,"column":9}},{"start":{},"end":{}}],"line":135}},"s":{"0":1,"1":1,"2":3,"3":3,"4":2,"5":1,"6":1,"7":1,"8":1,"9":1,"10":1,"11":1,"12":3,"13":3,"14":2,"15":1,"16":1,"17":1,"18":1,"19":1,"20":1,"21":1,"22":3,"23":3,"24":2,"25":1,"26":1,"27":1,"28":1,"29":1,"30":1,"31":1,"32":3,"33":3,"34":2,"35":1,"36":1,"37":1,"38":1,"39":1,"40":1,"41":1,"42":3,"43":3,"44":3,"45":2,"46":1,"47":1,"48":1,"49":1,"50":1,"51":1},"f":{"0":3,"1":3,"2":3,"3":3,"4":3},"b":{"0":[1,1],"1":[2,2],"2":[1,1],"3":[2,2],"4":[1,1],"5":[2,2],"6":[1,1],"7":[2,2],"8":[1,1]},"_coverageSchema":"1a1c01bbd47fc00a2c39e90264f33305004495a9","hash":"add6503a3a2601481396afdb5b4a0ff3c4aa98b1"}
,"C:\\Users\\XxItz\\Downloads\\CS203_proj\\SMU-CS203\\Backend\\Tournament_Public\\models\\tournament.js": {"path":"C:\\Users\\XxItz\\Downloads\\CS203_proj\\SMU-CS203\\Backend\\Tournament_Public\\models\\tournament.js","statementMap":{"0":{"start":{"line":1,"column":11},"end":{"line":1,"column":33}},"1":{"start":{"line":8,"column":0},"end":{"line":18,"column":2}},"2":{"start":{"line":9,"column":4},"end":{"line":17,"column":7}},"3":{"start":{"line":10,"column":22},"end":{"line":10,"column":48}},"4":{"start":{"line":11,"column":8},"end":{"line":16,"column":11}},"5":{"start":{"line":12,"column":12},"end":{"line":14,"column":13}},"6":{"start":{"line":13,"column":16},"end":{"line":13,"column":35}},"7":{"start":{"line":15,"column":12},"end":{"line":15,"column":29}},"8":{"start":{"line":27,"column":0},"end":{"line":37,"column":2}},"9":{"start":{"line":28,"column":4},"end":{"line":36,"column":7}},"10":{"start":{"line":29,"column":22},"end":{"line":29,"column":53}},"11":{"start":{"line":30,"column":8},"end":{"line":35,"column":11}},"12":{"start":{"line":31,"column":12},"end":{"line":33,"column":13}},"13":{"start":{"line":32,"column":16},"end":{"line":32,"column":35}},"14":{"start":{"line":34,"column":12},"end":{"line":34,"column":29}},"15":{"start":{"line":44,"column":0},"end":{"line":54,"column":2}},"16":{"start":{"line":45,"column":4},"end":{"line":53,"column":7}},"17":{"start":{"line":46,"column":22},"end":{"line":46,"column":52}},"18":{"start":{"line":47,"column":8},"end":{"line":52,"column":11}},"19":{"start":{"line":48,"column":12},"end":{"line":50,"column":13}},"20":{"start":{"line":49,"column":16},"end":{"line":49,"column":35}},"21":{"start":{"line":51,"column":12},"end":{"line":51,"column":29}},"22":{"start":{"line":61,"column":0},"end":{"line":71,"column":2}},"23":{"start":{"line":62,"column":4},"end":{"line":70,"column":7}},"24":{"start":{"line":63,"column":22},"end":{"line":63,"column":54}},"25":{"start":{"line":64,"column":8},"end":{"line":69,"column":11}},"26":{"start":{"line":65,"column":12},"end":{"line":67,"column":13}},"27":{"start":{"line":66,"column":16},"end":{"line":66,"column":35}},"28":{"start":{"line":68,"column":12},"end":{"line":68,"column":29}},"29":{"start":{"line":82,"column":0},"end":{"line":92,"column":2}},"30":{"start":{"line":83,"column":4},"end":{"line":91,"column":7}},"31":{"start":{"line":84,"column":22},"end":{"line":84,"column":49}},"32":{"start":{"line":85,"column":8},"end":{"line":90,"column":11}},"33":{"start":{"line":86,"column":12},"end":{"line":88,"column":13}},"34":{"start":{"line":87,"column":16},"end":{"line":87,"column":77}},"35":{"start":{"line":89,"column":12},"end":{"line":89,"column":35}}},"fnMap":{"0":{"name":"(anonymous_0)","decl":{"start":{"line":8,"column":28},"end":{"line":8,"column":29}},"loc":{"start":{"line":8,"column":34},"end":{"line":18,"column":1}},"line":8},"1":{"name":"(anonymous_1)","decl":{"start":{"line":9,"column":23},"end":{"line":9,"column":24}},"loc":{"start":{"line":9,"column":44},"end":{"line":17,"column":5}},"line":9},"2":{"name":"(anonymous_2)","decl":{"start":{"line":11,"column":24},"end":{"line":11,"column":25}},"loc":{"start":{"line":11,"column":42},"end":{"line":16,"column":9}},"line":11},"3":{"name":"(anonymous_3)","decl":{"start":{"line":27,"column":34},"end":{"line":27,"column":35}},"loc":{"start":{"line":27,"column":40},"end":{"line":37,"column":1}},"line":27},"4":{"name":"(anonymous_4)","decl":{"start":{"line":28,"column":23},"end":{"line":28,"column":24}},"loc":{"start":{"line":28,"column":44},"end":{"line":36,"column":5}},"line":28},"5":{"name":"(anonymous_5)","decl":{"start":{"line":30,"column":24},"end":{"line":30,"column":25}},"loc":{"start":{"line":30,"column":42},"end":{"line":35,"column":9}},"line":30},"6":{"name":"(anonymous_6)","decl":{"start":{"line":44,"column":33},"end":{"line":44,"column":34}},"loc":{"start":{"line":44,"column":39},"end":{"line":54,"column":1}},"line":44},"7":{"name":"(anonymous_7)","decl":{"start":{"line":45,"column":23},"end":{"line":45,"column":24}},"loc":{"start":{"line":45,"column":44},"end":{"line":53,"column":5}},"line":45},"8":{"name":"(anonymous_8)","decl":{"start":{"line":47,"column":24},"end":{"line":47,"column":25}},"loc":{"start":{"line":47,"column":42},"end":{"line":52,"column":9}},"line":47},"9":{"name":"(anonymous_9)","decl":{"start":{"line":61,"column":35},"end":{"line":61,"column":36}},"loc":{"start":{"line":61,"column":41},"end":{"line":71,"column":1}},"line":61},"10":{"name":"(anonymous_10)","decl":{"start":{"line":62,"column":23},"end":{"line":62,"column":24}},"loc":{"start":{"line":62,"column":44},"end":{"line":70,"column":5}},"line":62},"11":{"name":"(anonymous_11)","decl":{"start":{"line":64,"column":24},"end":{"line":64,"column":25}},"loc":{"start":{"line":64,"column":42},"end":{"line":69,"column":9}},"line":64},"12":{"name":"(anonymous_12)","decl":{"start":{"line":82,"column":28},"end":{"line":82,"column":29}},"loc":{"start":{"line":82,"column":46},"end":{"line":92,"column":1}},"line":82},"13":{"name":"(anonymous_13)","decl":{"start":{"line":83,"column":23},"end":{"line":83,"column":24}},"loc":{"start":{"line":83,"column":44},"end":{"line":91,"column":5}},"line":83},"14":{"name":"(anonymous_14)","decl":{"start":{"line":85,"column":40},"end":{"line":85,"column":41}},"loc":{"start":{"line":85,"column":60},"end":{"line":90,"column":9}},"line":85}},"branchMap":{"0":{"loc":{"start":{"line":12,"column":12},"end":{"line":14,"column":13}},"type":"if","locations":[{"start":{"line":12,"column":12},"end":{"line":14,"column":13}},{"start":{},"end":{}}],"line":12},"1":{"loc":{"start":{"line":31,"column":12},"end":{"line":33,"column":13}},"type":"if","locations":[{"start":{"line":31,"column":12},"end":{"line":33,"column":13}},{"start":{},"end":{}}],"line":31},"2":{"loc":{"start":{"line":48,"column":12},"end":{"line":50,"column":13}},"type":"if","locations":[{"start":{"line":48,"column":12},"end":{"line":50,"column":13}},{"start":{},"end":{}}],"line":48},"3":{"loc":{"start":{"line":65,"column":12},"end":{"line":67,"column":13}},"type":"if","locations":[{"start":{"line":65,"column":12},"end":{"line":67,"column":13}},{"start":{},"end":{}}],"line":65},"4":{"loc":{"start":{"line":86,"column":12},"end":{"line":88,"column":13}},"type":"if","locations":[{"start":{"line":86,"column":12},"end":{"line":88,"column":13}},{"start":{},"end":{}}],"line":86}},"s":{"0":1,"1":1,"2":2,"3":2,"4":2,"5":2,"6":1,"7":1,"8":1,"9":2,"10":2,"11":2,"12":2,"13":1,"14":1,"15":1,"16":2,"17":2,"18":2,"19":2,"20":1,"21":1,"22":1,"23":2,"24":2,"25":2,"26":2,"27":1,"28":1,"29":1,"30":3,"31":3,"32":3,"33":3,"34":1,"35":2},"f":{"0":2,"1":2,"2":2,"3":2,"4":2,"5":2,"6":2,"7":2,"8":2,"9":2,"10":2,"11":2,"12":3,"13":3,"14":3},"b":{"0":[1,1],"1":[1,1],"2":[1,1],"3":[1,1],"4":[1,2]},"_coverageSchema":"1a1c01bbd47fc00a2c39e90264f33305004495a9","hash":"8c5e3d924baa2cc3ef28f0f0c0a5a84b130a9299"}
}
