TN:
SF:controllers\publicUserController.js
FN:14,(anonymous_0)
FN:43,(anonymous_1)
FN:72,(anonymous_2)
FN:99,(anonymous_3)
FN:130,(anonymous_4)
FNF:5
FNH:5
FNDA:3,(anonymous_0)
FNDA:3,(anonymous_1)
FNDA:3,(anonymous_2)
FNDA:3,(anonymous_3)
FNDA:3,(anonymous_4)
DA:1,1
DA:14,1
DA:15,3
DA:16,3
DA:17,2
DA:18,1
DA:19,1
DA:20,1
DA:22,1
DA:29,1
DA:30,1
DA:43,1
DA:44,3
DA:45,3
DA:46,2
DA:47,1
DA:48,1
DA:49,1
DA:51,1
DA:58,1
DA:59,1
DA:72,1
DA:73,3
DA:74,3
DA:75,2
DA:76,1
DA:77,1
DA:78,1
DA:80,1
DA:87,1
DA:88,1
DA:99,1
DA:100,3
DA:101,3
DA:102,2
DA:103,1
DA:104,1
DA:105,1
DA:107,1
DA:114,1
DA:115,1
DA:130,1
DA:131,3
DA:132,3
DA:133,3
DA:135,2
DA:136,1
DA:137,1
DA:138,1
DA:140,1
DA:147,1
DA:148,1
LF:52
LH:52
BRDA:17,0,0,1
BRDA:17,0,1,1
BRDA:17,1,0,2
BRDA:17,1,1,2
BRDA:46,2,0,1
BRDA:46,2,1,1
BRDA:46,3,0,2
BRDA:46,3,1,2
BRDA:75,4,0,1
BRDA:75,4,1,1
BRDA:75,5,0,2
BRDA:75,5,1,2
BRDA:102,6,0,1
BRDA:102,6,1,1
BRDA:102,7,0,2
BRDA:102,7,1,2
BRDA:135,8,0,1
BRDA:135,8,1,1
BRF:18
BRH:18
end_of_record
TN:
SF:models\tournament.js
FN:8,(anonymous_0)
FN:9,(anonymous_1)
FN:11,(anonymous_2)
FN:27,(anonymous_3)
FN:28,(anonymous_4)
FN:30,(anonymous_5)
FN:44,(anonymous_6)
FN:45,(anonymous_7)
FN:47,(anonymous_8)
FN:61,(anonymous_9)
FN:62,(anonymous_10)
FN:64,(anonymous_11)
FN:82,(anonymous_12)
FN:83,(anonymous_13)
FN:85,(anonymous_14)
FNF:15
FNH:15
FNDA:2,(anonymous_0)
FNDA:2,(anonymous_1)
FNDA:2,(anonymous_2)
FNDA:2,(anonymous_3)
FNDA:2,(anonymous_4)
FNDA:2,(anonymous_5)
FNDA:2,(anonymous_6)
FNDA:2,(anonymous_7)
FNDA:2,(anonymous_8)
FNDA:2,(anonymous_9)
FNDA:2,(anonymous_10)
FNDA:2,(anonymous_11)
FNDA:3,(anonymous_12)
FNDA:3,(anonymous_13)
FNDA:3,(anonymous_14)
DA:1,1
DA:8,1
DA:9,2
DA:10,2
DA:11,2
DA:12,2
DA:13,1
DA:15,1
DA:27,1
DA:28,2
DA:29,2
DA:30,2
DA:31,2
DA:32,1
DA:34,1
DA:44,1
DA:45,2
DA:46,2
DA:47,2
DA:48,2
DA:49,1
DA:51,1
DA:61,1
DA:62,2
DA:63,2
DA:64,2
DA:65,2
DA:66,1
DA:68,1
DA:82,1
DA:83,3
DA:84,3
DA:85,3
DA:86,3
DA:87,1
DA:89,2
LF:36
LH:36
BRDA:12,0,0,1
BRDA:12,0,1,1
BRDA:31,1,0,1
BRDA:31,1,1,1
BRDA:48,2,0,1
BRDA:48,2,1,1
BRDA:65,3,0,1
BRDA:65,3,1,1
BRDA:86,4,0,1
BRDA:86,4,1,2
BRF:10
BRH:10
end_of_record
